[2021-10-28 02:18:21] [32minfo[39m: [90mGET /api/videos[39m [36m304[39m [90m13ms[39m
[2021-10-28 02:21:53] [32minfo[39m: [90mGET /api/videos[39m [36m304[39m [90m2ms[39m
[2021-10-28 02:28:35] [32minfo[39m: [90mGET /api/videos[39m [36m304[39m [90m1ms[39m
[2021-10-28 02:28:52] [32minfo[39m: [90mGET /api/videos[39m [36m304[39m [90m1ms[39m
[2021-10-28 02:29:55] [32minfo[39m: [90mGET /api/videos[39m [36m304[39m [90m1ms[39m
[2021-10-28 02:31:33] [32minfo[39m: [90mGET /api/videos[39m [36m304[39m [90m2ms[39m
[2021-10-28 02:31:34] [32minfo[39m: [90mGET /api/videos[39m [36m304[39m [90m6ms[39m
[2021-10-28 02:31:57] [32minfo[39m: [90mGET /api/videos[39m [36m304[39m [90m2ms[39m
[2021-10-28 02:32:01] [32minfo[39m: [90mGET /api/videos[39m [36m304[39m [90m3ms[39m
[2021-10-28 02:33:21] [32minfo[39m: [90mGET /api/videos[39m [36m304[39m [90m1ms[39m
[2021-10-28 02:33:24] [32minfo[39m: [90mGET /api/videos[39m [36m304[39m [90m2ms[39m
[2021-10-28 02:33:47] [32minfo[39m: [90mGET /api/videos[39m [36m304[39m [90m5ms[39m
[2021-10-28 02:33:50] [32minfo[39m: [90mGET /api/videos[39m [36m304[39m [90m2ms[39m
[2021-10-28 02:34:07] [32minfo[39m: [90mGET /api/videos[39m [36m304[39m [90m2ms[39m
[2021-10-28 02:34:29] [32minfo[39m: [90mGET /api/videos[39m [36m304[39m [90m1ms[39m
[2021-10-28 02:34:32] [32minfo[39m: [90mGET /api/videos[39m [36m304[39m [90m2ms[39m
[2021-10-28 02:34:36] [32minfo[39m: [90mGET /api/videos[39m [36m304[39m [90m2ms[39m
[2021-10-28 02:35:08] [32minfo[39m: [90mGET /api/videos[39m [36m304[39m [90m2ms[39m
[2021-10-28 02:37:00] [32minfo[39m: [90mGET /api/videos[39m [36m304[39m [90m2ms[39m
[2021-10-28 02:37:05] [32minfo[39m: [90mGET /api/videos[39m [36m304[39m [90m3ms[39m
[2021-10-28 02:38:37] [32minfo[39m: [90mGET /api/videos[39m [36m304[39m [90m2ms[39m
[2021-10-28 02:41:40] [32minfo[39m: [90mGET /api/videos[39m [36m304[39m [90m1ms[39m
[2021-10-28 02:42:49] [32minfo[39m: [90mGET /api/videos[39m [36m304[39m [90m2ms[39m
[2021-10-28 02:44:10] [32minfo[39m: [90mGET /api/videos[39m [36m304[39m [90m2ms[39m
[2021-10-28 02:46:42] [32minfo[39m: [90mGET /api/videos[39m [36m304[39m [90m2ms[39m
[2021-10-28 02:46:48] [32minfo[39m: [90mGET /api/videos[39m [36m304[39m [90m2ms[39m
[2021-10-28 02:47:32] [32minfo[39m: [90mGET /api/videos[39m [36m304[39m [90m2ms[39m
[2021-10-28 02:47:42] [32minfo[39m: [90mGET /api/videos[39m [36m304[39m [90m2ms[39m
[2021-10-28 02:48:48] [32minfo[39m: [90mGET /api/videos[39m [36m304[39m [90m2ms[39m
[2021-10-28 02:49:01] [32minfo[39m: [90mGET /api/videos[39m [36m304[39m [90m2ms[39m
[2021-10-28 02:49:15] [32minfo[39m: [90mGET /api/videos[39m [36m304[39m [90m1ms[39m
[2021-10-28 02:49:27] [32minfo[39m: [90mGET /api/videos[39m [36m304[39m [90m2ms[39m
[2021-10-28 02:50:07] [32minfo[39m: [90mGET /api/videos[39m [36m304[39m [90m2ms[39m
[2021-10-28 02:50:24] [32minfo[39m: [90mGET /api/videos[39m [36m304[39m [90m3ms[39m
[2021-10-28 02:50:29] [32minfo[39m: [90mGET /api/videos[39m [36m304[39m [90m5ms[39m
[2021-10-28 02:50:35] [32minfo[39m: [90mGET /api/videos[39m [36m304[39m [90m2ms[39m
[2021-10-28 02:50:43] [32minfo[39m: [90mGET /api/videos[39m [36m304[39m [90m3ms[39m
[2021-10-28 02:51:04] [32minfo[39m: [90mGET /api/videos[39m [36m304[39m [90m2ms[39m
[2021-10-28 02:51:21] [32minfo[39m: [90mGET /api/videos[39m [36m304[39m [90m2ms[39m
[2021-10-28 02:52:12] [32minfo[39m: [90mGET /api/videos[39m [36m304[39m [90m1ms[39m
[2021-10-28 02:52:14] [32minfo[39m: [90mGET /api/videos[39m [36m304[39m [90m2ms[39m
[2021-10-28 02:52:42] [32minfo[39m: [90mGET /api/videos[39m [36m304[39m [90m3ms[39m
[2021-10-28 02:52:42] [32minfo[39m: [90mGET /api/videos[39m [36m304[39m [90m1ms[39m
[2021-10-28 02:53:38] [32minfo[39m: [90mGET /api/videos[39m [36m304[39m [90m1ms[39m
[2021-10-28 02:53:48] [32minfo[39m: [90mGET /api/videos[39m [36m304[39m [90m1ms[39m
[2021-10-28 02:54:03] [32minfo[39m: [90mGET /api/videos[39m [36m304[39m [90m0ms[39m
[2021-10-28 02:54:37] [32minfo[39m: [90mGET /api/videos[39m [36m304[39m [90m28ms[39m
[2021-10-28 02:54:50] [32minfo[39m: [90mGET /api/videos[39m [36m304[39m [90m2ms[39m
[2021-10-28 02:55:11] [32minfo[39m: [90mGET /api/videos[39m [36m304[39m [90m1ms[39m
[2021-10-28 02:56:31] [32minfo[39m: [90mGET /api/videos[39m [36m304[39m [90m4ms[39m
[2021-10-28 02:57:39] [32minfo[39m: [90mGET /api/videos[39m [36m304[39m [90m1ms[39m
[2021-10-28 02:59:12] [32minfo[39m: [90mGET /api/videos[39m [36m304[39m [90m1ms[39m
[2021-10-28 02:59:45] [32minfo[39m: [90mGET /api/videos[39m [36m304[39m [90m54ms[39m
[2021-10-28 03:00:15] [32minfo[39m: [90mGET /api/videos[39m [36m304[39m [90m1ms[39m
[2021-10-28 03:00:18] [32minfo[39m: [90mGET /api/videos[39m [36m304[39m [90m2ms[39m
[2021-10-28 03:00:31] [32minfo[39m: [90mGET /api/videos[39m [36m304[39m [90m2ms[39m
[2021-10-28 03:00:54] [32minfo[39m: [90mGET /api/videos[39m [36m304[39m [90m2ms[39m
[2021-10-28 03:04:58] [32minfo[39m: [90mGET /api/videos[39m [36m304[39m [90m2ms[39m
[2021-10-28 03:05:19] [32minfo[39m: [90mGET /api/videos[39m [36m304[39m [90m1ms[39m
[2021-10-28 03:09:18] [32minfo[39m: [90mGET /api/videos?_page=1&_pageSize=20[39m [32m200[39m [90m708ms[39m
[2021-10-28 03:11:25] [32minfo[39m: [90mGET /api/videos?_page=1&_pageSize=20[39m [32m200[39m [90m3ms[39m
[2021-10-28 03:11:45] [32minfo[39m: [90mGET /api/videos?_page=1&_pageSize=20[39m [32m200[39m [90m47ms[39m
[2021-10-28 03:19:46] [32minfo[39m: [90mGET /api/videos?_page=1&_pageSize=20[39m [32m200[39m [90m27ms[39m
[2021-10-28 03:28:23] [32minfo[39m: [90mGET /api/videos?_page=1&_pageSize=20[39m [32m200[39m [90m12ms[39m
[2021-10-28 03:28:58] [32minfo[39m: [90mGET /api/videos?_page=1&_pageSize=20[39m [32m200[39m [90m12ms[39m
[2021-10-28 03:29:01] [32minfo[39m: [90mGET /api/videos?_page=1&_pageSize=20[39m [32m200[39m [90m2ms[39m
[2021-10-28 03:31:16] [32minfo[39m: [90mGET /api/videos?_page=1&_pageSize=20&team_id=88&user_id=10&training_session_id=123&max_duration=30[39m [32m200[39m [90m10ms[39m
[2021-10-28 03:35:02] [32minfo[39m: [90mGET /api/videos?_page=1&_pageSize=20&team_id=88&user_id=10&training_session_id=123&max_duration=30[39m [32m200[39m [90m12ms[39m
[2021-10-28 03:35:03] [32minfo[39m: [90mGET /api/videos?_page=1&_pageSize=20&team_id=88&user_id=10&training_session_id=123&max_duration=30[39m [32m200[39m [90m3ms[39m
[2021-10-28 03:35:45] [32minfo[39m: [90mGET /api/videos?_page=1&_pageSize=20&team_id=88&user_id=10&training_se[39m [32m200[39m [90m4ms[39m
[2021-10-28 03:35:47] [32minfo[39m: [90mGET /favicon.ico[39m [33m404[39m [90m1ms[39m
[2021-10-28 03:37:07] [32minfo[39m: [90mGET /api/videos?_page=1&_pageSize=20&team_id=88&user_id=10&training_session_id=123&max_duration=30[39m [32m200[39m [90m11ms[39m
[2021-10-28 03:37:22] [32minfo[39m: [90mGET /api/videos?_page=1&_pageSize=20[39m [32m200[39m [90m3ms[39m
[2021-10-28 03:37:23] [32minfo[39m: [90mGET /api/videos?_page=1&_pageSize=20[39m [32m200[39m [90m2ms[39m
[2021-10-28 03:37:24] [32minfo[39m: [90mGET /api/videos?_page=1&_pageSize=20[39m [32m200[39m [90m2ms[39m
[2021-10-28 03:39:15] [32minfo[39m: [90mGET /api/videos?_page=1&_pageSize=20[39m [32m200[39m [90m66ms[39m
[2021-10-28 03:41:08] [32minfo[39m: [90mGET /api/videos?_page=1&_pageSize=20[39m [32m200[39m [90m179ms[39m
[2021-10-28 03:42:47] [32minfo[39m: [90mGET /api/videos?_page=1&_pageSize=20[39m [32m200[39m [90m12ms[39m
[2021-10-28 03:44:20] [32minfo[39m: [90mGET /api/videos?_page=1&_pageSize=20[39m [32m200[39m [90m2ms[39m
[2021-10-28 03:48:30] [32minfo[39m: [90mGET /api/videos?_page=1&_pageSize=20[39m [32m200[39m [90m12ms[39m
[2021-10-28 03:49:58] [32minfo[39m: [90mGET /api/videos[39m [36m304[39m [90m4ms[39m
[2021-10-28 04:01:34] [32minfo[39m: [90mGET /api/v1/reset[39m [33m404[39m [90m7ms[39m
[2021-10-28 04:01:34] [32minfo[39m: [90mGET /api/videos?1&20[39m [32m200[39m [90m15ms[39m
